2023-03-15 13:34:21,189 INFO mate.academy.service.AuthenticationServiceImpl login method was called
2023-03-15 13:36:04,609 INFO mate.academy.service.AuthenticationServiceImpl login method was called
2023-03-15 13:37:45,841 INFO mate.academy.service.AuthenticationServiceImpl login method was called
2023-03-15 13:37:45,844 INFO mate.academy.service.AuthenticationServiceImpl login method was called
2023-03-15 13:37:45,844 INFO mate.academy.service.AuthenticationServiceImpl login method was called
2023-03-15 13:37:45,844 INFO mate.academy.service.AuthenticationServiceImpl login method was called
2023-03-15 13:39:17,743 INFO mate.academy.service.AuthenticationServiceImpl:12 login method was called
2023-03-15 13:42:32,619 INFO mate.academy.service.AuthenticationServiceImpl:13 login method was called. Params: login = bob
2023-03-15 13:49:12,957 INFO mate.academy.service.AuthenticationServiceImpl:13 login method was called. Params: login = bob
2023-03-15 13:49:34,789 INFO mate.academy.service.AuthenticationServiceImpl:13 login method was called. Params: login = bob4
2023-03-15 13:54:05,239 INFO mate.academy.service.AuthenticationServiceImpl:13 login method was called. Params: login = bob
2023-03-15 14:03:53,735 INFO mate.academy.service.AuthenticationServiceImpl:13 login method was called. Params: login = bob
2023-03-15 14:03:53,751 INFO mate.academy.service.AuthenticationServiceImpl:16 completeOrder method was called! Params: userId 2
2023-03-15 14:04:15,434 INFO mate.academy.service.AuthenticationServiceImpl:13 login method was called. Params: login = bob
2023-03-15 14:04:15,450 INFO mate.academy.service.AuthenticationServiceImpl:16 completeOrder method was called! Params: userId = 2
2023-03-15 14:13:39,663 INFO mate.academy.service.AuthenticationServiceImpl:13 login method was called. Params: login = bob
2023-03-15 14:13:39,668 INFO mate.academy.service.AuthenticationServiceImpl:17 completeOrder method was called! Params: userId = 2
2023-03-15 14:13:39,668 INFO mate.academy.service.AuthenticationServiceImpl:30 The data from DB was successful fetched
2023-03-15 14:15:18,617 INFO mate.academy.service.AuthenticationServiceImpl:13 login method was called. Params: login = bob
2023-03-15 14:15:18,623 INFO mate.academy.service.AuthenticationServiceImpl:17 completeOrder method was called! Params: userId = 2
2023-03-15 14:15:18,623 INFO mate.academy.service.AuthenticationServiceImpl:30 The data from DB was successful fetched. Params: userId = 2
2023-03-15 14:16:06,018 INFO mate.academy.service.AuthenticationServiceImpl:13 login method was called. Params: login = bob
2023-03-15 14:16:06,018 INFO mate.academy.service.OrderServiceImpl:17 completeOrder method was called! Params: userId = 2
2023-03-15 14:16:06,018 INFO mate.academy.service.OrderServiceImpl:30 The data from DB was successful fetched. Params: userId = 2
2023-03-15 14:23:49,218 INFO mate.academy.service.AuthenticationServiceImpl:13 login method was called. Params: login = bob
2023-03-15 14:23:49,218 INFO mate.academy.service.OrderServiceImpl:16 completeOrder method was called! Params: userId = 2
